<?xml version="1.0" encoding="UTF-8"?>
<!-- Generated by org.testng.reporters.JUnitReportReporter -->
<testsuite hostname="DESKTOP-3O9T5AI" failures="0" tests="2" name="vtiger.OrgTests.CreateOrganizationTest1" time="228.017" errors="0" timestamp="2022-09-22T11:22:14 IST" skipped="0">
  <testcase classname="vtiger.OrgTests.CreateOrganizationTest1" name="createOrgTest" time="112.935"/>
  <system-out/>
  <testcase classname="vtiger.OrgTests.CreateOrganizationTest1" name="createOrgTest" time="115.082"/>
  <system-out/>
</testsuite> <!-- vtiger.OrgTests.CreateOrganizationTest1 -->
