<?xml version="1.0" encoding="UTF-8"?>
<!-- Generated by org.testng.reporters.JUnitReportReporter -->
<testsuite hostname="DESKTOP-3O9T5AI" failures="0" tests="3" name="TestNGDemo.TestNGPractice" time="0.004" errors="0" timestamp="2022-09-21T10:01:59 IST" skipped="1">
  <testcase classname="TestNGDemo.TestNGPractice" name="createCutomer" time="0.002"/>
  <system-out/>
  <testcase classname="TestNGDemo.TestNGPractice" name="customerDeleted" time="0.002"/>
  <system-out/>
  <testcase classname="TestNGDemo.TestNGPractice" name="customerModified">
    <skipped/>
  </testcase> <!-- customerModified -->
  <system-out/>
</testsuite> <!-- TestNGDemo.TestNGPractice -->
