<?xml version="1.0" encoding="UTF-8"?>
<!-- Generated by org.testng.reporters.JUnitReportReporter -->
<testsuite hostname="DESKTOP-3O9T5AI" failures="0" tests="1" name="vtiger.Contacts.CreateContactTest" time="49.336" errors="0" timestamp="2022-09-21T10:01:59 IST" skipped="0">
  <testcase classname="vtiger.Contacts.CreateContactTest" name="createOrgTest" time="49.336"/>
  <system-out/>
</testsuite> <!-- vtiger.Contacts.CreateContactTest -->
