<?xml version="1.0" encoding="UTF-8"?>
<!-- Generated by org.testng.reporters.JUnitReportReporter -->
<testsuite hostname="DESKTOP-3O9T5AI" failures="0" tests="1" name="vtiger.OrgTests.CreateOrganizationTest3" time="35.016" errors="0" timestamp="2022-09-21T10:01:59 IST" skipped="0">
  <testcase classname="vtiger.OrgTests.CreateOrganizationTest3" name="createOrgTest" time="35.016"/>
  <system-out/>
</testsuite> <!-- vtiger.OrgTests.CreateOrganizationTest3 -->
