<?xml version="1.0" encoding="UTF-8"?>
<!-- Generated by org.testng.reporters.JUnitReportReporter -->
<testsuite hostname="DESKTOP-3O9T5AI" failures="0" tests="3" name="practice.DataProviderDemo" time="0.015" errors="0" timestamp="2022-09-21T10:01:59 IST" skipped="0">
  <testcase classname="practice.DataProviderDemo" name="demoTest" time="0.011"/>
  <system-out/>
  <testcase classname="practice.DataProviderDemo" name="demoTest" time="0.002"/>
  <system-out/>
  <testcase classname="practice.DataProviderDemo" name="demoTest" time="0.002"/>
  <system-out/>
</testsuite> <!-- practice.DataProviderDemo -->
