<?xml version="1.0" encoding="UTF-8"?>
<!-- Generated by org.testng.reporters.JUnitReportReporter -->
<testsuite hostname="DESKTOP-3O9T5AI" failures="0" tests="1" name="practice.readDataFromrun" time="0.015" errors="0" timestamp="2022-09-30T10:16:15 IST" skipped="0">
  <testcase classname="practice.readDataFromrun" name="tc1" time="0.015"/>
  <system-out/>
</testsuite> <!-- practice.readDataFromrun -->
